<?xml version="1.0" encoding="UTF-8"?>
<testsuite xmlns:xsi="http://www.w3.org/2001/XMLSchema-instance" xsi:noNamespaceSchemaLocation="https://maven.apache.org/surefire/maven-surefire-plugin/xsd/surefire-test-report-3.0.xsd" version="3.0" name="com.delivery.notification_service.NotificationServiceApplicationTests" time="4.663" tests="1" errors="0" skipped="0" failures="0">
  <properties>
[...]
</properties>
  <testcase name="contextLoads" classname="com.delivery.notification_service.NotificationServiceApplicationTests" time="1.158">
    <system-out><![CDATA[11:32:02.938 [main] INFO org.springframework.test.context.support.AnnotationConfigContextLoaderUtils -- Could not detect default configuration classes for test class [com.delivery.notification_service.NotificationServiceApplicationTests]: NotificationServiceApplicationTests does not declare any static, non-private, non-final, nested classes annotated with @Configuration.
11:32:03.128 [main] INFO org.springframework.boot.test.context.SpringBootTestContextBootstrapper -- Found @SpringBootConfiguration com.delivery.notification_service.NotificationServiceApplication for test class com.delivery.notification_service.NotificationServiceApplicationTests

  .   ____          _            __ _ _
 /\\ / ___'_ __ _ _(_)_ __  __ _ \ \ \ \
( ( )\___ | '_ | '_| | '_ \/ _` | \ \ \ \
 \\/  ___)| |_)| | | | | || (_| |  ) ) ) )
  '  |____| .__|_| |_|_| |_\__, | / / / /
 =========|_|==============|___/=/_/_/_/

 :: Spring Boot ::               (v3.3.11)

2025-05-09T11:32:04.149+05:30  INFO 14164 --- [notification-service] [           main] .d.n.NotificationServiceApplicationTests : Starting NotificationServiceApplicationTests using Java 22 with PID 14164 (started by PuneethGaikwadL in C:\Users\PuneethGaikwadL\IdeaProjects\delivery.com-microservies\notification-service)
2025-05-09T11:32:04.153+05:30  INFO 14164 --- [notification-service] [           main] .d.n.NotificationServiceApplicationTests : No active profile set, falling back to 1 default profile: "default"
2025-05-09T11:32:06.122+05:30  WARN 14164 --- [notification-service] [           main] ion$DefaultTemplateResolverConfiguration : Cannot find template location: classpath:/templates/ (please add some templates, check your Thymeleaf configuration, or set spring.thymeleaf.check-template-location=false)
2025-05-09T11:32:06.220+05:30  INFO 14164 --- [notification-service] [           main] .d.n.NotificationServiceApplicationTests : Started NotificationServiceApplicationTests in 2.847 seconds (process running for 4.386)
]]></system-out>
    <system-err><![CDATA[WARNING: A Java agent has been loaded dynamically (C:\Users\PuneethGaikwadL\.m2\repository\net\bytebuddy\byte-buddy-agent\1.14.19\byte-buddy-agent-1.14.19.jar)
WARNING: If a serviceability tool is in use, please run with -XX:+EnableDynamicAgentLoading to hide this warning
WARNING: If a serviceability tool is not in use, please run with -Djdk.instrument.traceUsage for more information
WARNING: Dynamic loading of agents will be disallowed by default in a future release
]]></system-err>
  </testcase>
</testsuite>