<?xml version="1.0" encoding="UTF-8"?>
<testsuite xmlns:xsi="http://www.w3.org/2001/XMLSchema-instance" xsi:noNamespaceSchemaLocation="https://maven.apache.org/surefire/maven-surefire-plugin/xsd/surefire-test-report-3.0.xsd" version="3.0" name="com.delivery.food_service.FoodServiceApplicationTests" time="8.284" tests="1" errors="0" skipped="0" failures="0">
  <properties>
[...]
</properties>
  <testcase name="contextLoads" classname="com.delivery.food_service.FoodServiceApplicationTests" time="0.826">
    <system-out><![CDATA[11:31:50.903 [main] INFO org.springframework.test.context.support.AnnotationConfigContextLoaderUtils -- Could not detect default configuration classes for test class [com.delivery.food_service.FoodServiceApplicationTests]: FoodServiceApplicationTests does not declare any static, non-private, non-final, nested classes annotated with @Configuration.
11:31:51.105 [main] INFO org.springframework.boot.test.context.SpringBootTestContextBootstrapper -- Found @SpringBootConfiguration com.delivery.food_service.FoodServiceApplication for test class com.delivery.food_service.FoodServiceApplicationTests

  .   ____          _            __ _ _
 /\\ / ___'_ __ _ _(_)_ __  __ _ \ \ \ \
( ( )\___ | '_ | '_| | '_ \/ _` | \ \ \ \
 \\/  ___)| |_)| | | | | || (_| |  ) ) ) )
  '  |____| .__|_| |_|_| |_\__, | / / / /
 =========|_|==============|___/=/_/_/_/

 :: Spring Boot ::               (v3.3.11)

2025-05-09T11:31:52.008+05:30  INFO 8856 --- [food-service] [           main] c.d.f.FoodServiceApplicationTests        : Starting FoodServiceApplicationTests using Java 22 with PID 8856 (started by PuneethGaikwadL in C:\Users\PuneethGaikwadL\IdeaProjects\delivery.com-microservies\order-service)
2025-05-09T11:31:52.010+05:30  INFO 8856 --- [food-service] [           main] c.d.f.FoodServiceApplicationTests        : No active profile set, falling back to 1 default profile: "default"
2025-05-09T11:31:53.310+05:30  INFO 8856 --- [food-service] [           main] .s.d.r.c.RepositoryConfigurationDelegate : Bootstrapping Spring Data JPA repositories in DEFAULT mode.
2025-05-09T11:31:53.357+05:30  INFO 8856 --- [food-service] [           main] .s.d.r.c.RepositoryConfigurationDelegate : Finished Spring Data repository scanning in 24 ms. Found 0 JPA repository interfaces.
2025-05-09T11:31:54.154+05:30  INFO 8856 --- [food-service] [           main] o.hibernate.jpa.internal.util.LogHelper  : HHH000204: Processing PersistenceUnitInfo [name: default]
2025-05-09T11:31:54.248+05:30  INFO 8856 --- [food-service] [           main] org.hibernate.Version                    : HHH000412: Hibernate ORM core version 6.5.3.Final
2025-05-09T11:31:54.298+05:30  INFO 8856 --- [food-service] [           main] o.h.c.internal.RegionFactoryInitiator    : HHH000026: Second-level cache disabled
2025-05-09T11:31:54.754+05:30  INFO 8856 --- [food-service] [           main] o.s.o.j.p.SpringPersistenceUnitInfo      : No LoadTimeWeaver setup: ignoring JPA class transformer
2025-05-09T11:31:54.801+05:30  INFO 8856 --- [food-service] [           main] com.zaxxer.hikari.HikariDataSource       : HikariPool-1 - Starting...
2025-05-09T11:31:55.116+05:30  INFO 8856 --- [food-service] [           main] com.zaxxer.hikari.pool.HikariPool        : HikariPool-1 - Added connection org.postgresql.jdbc.PgConnection@77fc19cf
2025-05-09T11:31:55.118+05:30  INFO 8856 --- [food-service] [           main] com.zaxxer.hikari.HikariDataSource       : HikariPool-1 - Start completed.
2025-05-09T11:31:56.970+05:30  INFO 8856 --- [food-service] [           main] o.h.e.t.j.p.i.JtaPlatformInitiator       : HHH000489: No JTA platform available (set 'hibernate.transaction.jta.platform' to enable JTA platform integration)
2025-05-09T11:31:57.026+05:30  INFO 8856 --- [food-service] [           main] j.LocalContainerEntityManagerFactoryBean : Initialized JPA EntityManagerFactory for persistence unit 'default'
2025-05-09T11:31:57.288+05:30  WARN 8856 --- [food-service] [           main] JpaBaseConfiguration$JpaWebConfiguration : spring.jpa.open-in-view is enabled by default. Therefore, database queries may be performed during view rendering. Explicitly configure spring.jpa.open-in-view to disable this warning
2025-05-09T11:31:58.090+05:30  INFO 8856 --- [food-service] [           main] c.d.f.FoodServiceApplicationTests        : Started FoodServiceApplicationTests in 6.753 seconds (process running for 8.408)
]]></system-out>
    <system-err><![CDATA[WARNING: A Java agent has been loaded dynamically (C:\Users\PuneethGaikwadL\.m2\repository\net\bytebuddy\byte-buddy-agent\1.14.19\byte-buddy-agent-1.14.19.jar)
WARNING: If a serviceability tool is in use, please run with -XX:+EnableDynamicAgentLoading to hide this warning
WARNING: If a serviceability tool is not in use, please run with -Djdk.instrument.traceUsage for more information
WARNING: Dynamic loading of agents will be disallowed by default in a future release
]]></system-err>
  </testcase>
</testsuite>